文法

    0 $accept: program $end

    1 program: statementlist

    2 statementlist: statementlist statement
    3              | statement

    4 typename: INT
    5         | FLOAT
    6         | STRING
    7         | BOOL

    8 literal: INT_LIT
    9        | FLOAT_LIT
   10        | STRING_LIT
   11        | TRUE
   12        | FALSE

   13 id: IDENT

   14 statement: declarationstmt SEMICOLON
   15          | expression SEMICOLON
   16          | incdecstmt SEMICOLON
   17          | printstmt
   18          | whilestmt
   19          | begin_block statement end_block
   20          | assignstmt SEMICOLON
   21          | ifstmt
   22          | forstmt

   23 $@1: %empty

   24 $@2: %empty

   25 forstmt: FOR '(' forclause ')' begin_block $@1 statementlist $@2 end_block

   26 $@3: %empty

   27 $@4: %empty

   28 $@5: %empty

   29 forclause: simpleexpr SEMICOLON $@3 condition $@4 SEMICOLON $@5 simpleexpr

   30 simpleexpr: assignstmt
   31           | expression
   32           | incdecstmt

   33 ifstmt: frontif ELSE begin_block statementlist end_block
   34       | frontif ELSE ifstmt
   35       | frontif

   36 $@6: %empty

   37 $@7: %empty

   38 frontif: IF '(' condition ')' begin_block $@6 statementlist $@7 end_block

   39 assignstmt: id '=' expression
   40           | id ADD_ASSIGN expression
   41           | id SUB_ASSIGN expression
   42           | id MUL_ASSIGN expression
   43           | id QUO_ASSIGN expression
   44           | id REM_ASSIGN expression
   45           | id '[' expression ']' '=' expression
   46           | id '[' expression ']' ADD_ASSIGN expression
   47           | id '[' expression ']' MUL_ASSIGN expression
   48           | id '[' expression ']' SUB_ASSIGN expression
   49           | id '[' expression ']' QUO_ASSIGN expression
   50           | id '[' expression ']' REM_ASSIGN expression
   51           | literal '=' expression
   52           | literal ADD_ASSIGN expression
   53           | literal SUB_ASSIGN expression
   54           | literal MUL_ASSIGN expression
   55           | literal QUO_ASSIGN expression
   56           | literal REM_ASSIGN expression
   57           | literal '[' expression ']' '=' expression
   58           | literal '[' expression ']' ADD_ASSIGN expression
   59           | literal '[' expression ']' MUL_ASSIGN expression
   60           | literal '[' expression ']' SUB_ASSIGN expression
   61           | literal '[' expression ']' QUO_ASSIGN expression
   62           | literal '[' expression ']' REM_ASSIGN expression

   63 $@8: %empty

   64 $@9: %empty

   65 whilestmt: WHILE '(' $@8 condition ')' $@9 begin_block statementlist end_block

   66 condition: expression

   67 begin_block: '{'

   68 end_block: '}'

   69 printstmt: PRINT '(' expression ')' SEMICOLON

   70 incdecstmt: id INC
   71           | id DEC

   72 expression: expression OR andexpr
   73           | andexpr

   74 andexpr: andexpr AND cmpexpr
   75        | cmpexpr

   76 cmpexpr: cmpexpr '>' addexpr
   77        | cmpexpr '<' addexpr
   78        | cmpexpr LEQ addexpr
   79        | cmpexpr GEQ addexpr
   80        | cmpexpr EQL addexpr
   81        | cmpexpr NEQ addexpr
   82        | addexpr

   83 addexpr: addexpr '+' mulexpr
   84        | addexpr '-' mulexpr
   85        | mulexpr

   86 mulexpr: mulexpr '*' unaryexpr
   87        | mulexpr '/' unaryexpr
   88        | mulexpr '%' unaryexpr
   89        | unaryexpr

   90 unaryexpr: '(' expression ')'
   91          | '-' unaryexpr
   92          | '+' unaryexpr
   93          | NOT unaryexpr
   94          | id arraysub
   95          | literal
   96          | id
   97          | '(' typename ')' id arraysub
   98          | '(' typename ')' id
   99          | '(' typename ')' literal

  100 arraysub: '[' expression ']'

  101 declarationstmt: typename IDENT
  102                | typename IDENT '=' expression
  103                | typename IDENT '[' expression ']'
  104                | typename IDENT '[' expression ']' '=' expression


終結語詞，附有它們出現處的規則

$end (0) 0
'%' (37) 88
'(' (40) 25 38 65 69 90 97 98 99
')' (41) 25 38 65 69 90 97 98 99
'*' (42) 86
'+' (43) 83 92
'-' (45) 84 91
'/' (47) 87
'<' (60) 77
'=' (61) 39 45 51 57 102 104
'>' (62) 76
'[' (91) 45 46 47 48 49 50 57 58 59 60 61 62 100 103 104
']' (93) 45 46 47 48 49 50 57 58 59 60 61 62 100 103 104
'{' (123) 67
'}' (125) 68
error (256)
INT (258) 4
FLOAT (259) 5
BOOL (260) 7
STRING (261) 6
INC (262) 70
DEC (263) 71
SEMICOLON (264) 14 15 16 20 29 69
PRINT (265) 69
OR (266) 72
AND (267) 74
NOT (268) 93
WHILE (269) 65
ADD_ASSIGN (270) 40 46 52 58
SUB_ASSIGN (271) 41 48 53 60
MUL_ASSIGN (272) 42 47 54 59
QUO_ASSIGN (273) 43 49 55 61
REM_ASSIGN (274) 44 50 56 62
IF (275) 38
ELSE (276) 33 34
LEQ (277) 78
GEQ (278) 79
EQL (279) 80
NEQ (280) 81
FOR (281) 25
INT_LIT (282) 8
FLOAT_LIT (283) 9
STRING_LIT (284) 10
IDENT (285) 13 101 102 103 104
TRUE (286) 11
FALSE (287) 12


非終結語詞，附有它們出現處的規則

$accept (47)
    於左側： 0
program (48)
    於左側： 1, 於右側： 0
statementlist (49)
    於左側： 2 3, 於右側： 1 2 25 33 38 65
typename (50)
    於左側： 4 5 6 7, 於右側： 97 98 99 101 102 103 104
literal (51)
    於左側： 8 9 10 11 12, 於右側： 51 52 53 54 55 56 57 58
    59 60 61 62 95 99
id (52)
    於左側： 13, 於右側： 39 40 41 42 43 44 45 46 47 48 49
    50 70 71 94 96 97 98
statement (53)
    於左側： 14 15 16 17 18 19 20 21 22, 於右側： 2 3 19
forstmt (54)
    於左側： 25, 於右側： 22
$@1 (55)
    於左側： 23, 於右側： 25
$@2 (56)
    於左側： 24, 於右側： 25
forclause (57)
    於左側： 29, 於右側： 25
$@3 (58)
    於左側： 26, 於右側： 29
$@4 (59)
    於左側： 27, 於右側： 29
$@5 (60)
    於左側： 28, 於右側： 29
simpleexpr (61)
    於左側： 30 31 32, 於右側： 29
ifstmt (62)
    於左側： 33 34 35, 於右側： 21 34
frontif (63)
    於左側： 38, 於右側： 33 34 35
$@6 (64)
    於左側： 36, 於右側： 38
$@7 (65)
    於左側： 37, 於右側： 38
assignstmt (66)
    於左側： 39 40 41 42 43 44 45 46 47 48 49 50 51 52 53 54 55
    56 57 58 59 60 61 62, 於右側： 20 30
whilestmt (67)
    於左側： 65, 於右側： 18
$@8 (68)
    於左側： 63, 於右側： 65
$@9 (69)
    於左側： 64, 於右側： 65
condition (70)
    於左側： 66, 於右側： 29 38 65
begin_block (71)
    於左側： 67, 於右側： 19 25 33 38 65
end_block (72)
    於左側： 68, 於右側： 19 25 33 38 65
printstmt (73)
    於左側： 69, 於右側： 17
incdecstmt (74)
    於左側： 70 71, 於右側： 16 32
expression (75)
    於左側： 72 73, 於右側： 15 31 39 40 41 42 43 44 45 46
    47 48 49 50 51 52 53 54 55 56 57 58 59 60 61 62 66 69 72 90 100
    102 103 104
andexpr (76)
    於左側： 74 75, 於右側： 72 73 74
cmpexpr (77)
    於左側： 76 77 78 79 80 81 82, 於右側： 74 75 76 77 78
    79 80 81
addexpr (78)
    於左側： 83 84 85, 於右側： 76 77 78 79 80 81 82 83 84
mulexpr (79)
    於左側： 86 87 88 89, 於右側： 83 84 85 86 87 88
unaryexpr (80)
    於左側： 90 91 92 93 94 95 96 97 98 99, 於右側： 86 87
    88 89 91 92 93
arraysub (81)
    於左側： 100, 於右側： 94 97
declarationstmt (82)
    於左側： 101 102 103 104, 於右側： 14


狀態 0

    0 $accept: . program $end

    INT         偏移，並進入狀態 1
    FLOAT       偏移，並進入狀態 2
    BOOL        偏移，並進入狀態 3
    STRING      偏移，並進入狀態 4
    PRINT       偏移，並進入狀態 5
    NOT         偏移，並進入狀態 6
    WHILE       偏移，並進入狀態 7
    IF          偏移，並進入狀態 8
    FOR         偏移，並進入狀態 9
    INT_LIT     偏移，並進入狀態 10
    FLOAT_LIT   偏移，並進入狀態 11
    STRING_LIT  偏移，並進入狀態 12
    IDENT       偏移，並進入狀態 13
    TRUE        偏移，並進入狀態 14
    FALSE       偏移，並進入狀態 15
    '('         偏移，並進入狀態 16
    '{'         偏移，並進入狀態 17
    '+'         偏移，並進入狀態 18
    '-'         偏移，並進入狀態 19

    program          進入狀態 20
    statementlist    進入狀態 21
    typename         進入狀態 22
    literal          進入狀態 23
    id               進入狀態 24
    statement        進入狀態 25
    forstmt          進入狀態 26
    ifstmt           進入狀態 27
    frontif          進入狀態 28
    assignstmt       進入狀態 29
    whilestmt        進入狀態 30
    begin_block      進入狀態 31
    printstmt        進入狀態 32
    incdecstmt       進入狀態 33
    expression       進入狀態 34
    andexpr          進入狀態 35
    cmpexpr          進入狀態 36
    addexpr          進入狀態 37
    mulexpr          進入狀態 38
    unaryexpr        進入狀態 39
    declarationstmt  進入狀態 40


狀態 1

    4 typename: INT .

    $預設  使用規則 4 以縮減 (typename)


狀態 2

    5 typename: FLOAT .

    $預設  使用規則 5 以縮減 (typename)


狀態 3

    7 typename: BOOL .

    $預設  使用規則 7 以縮減 (typename)


狀態 4

    6 typename: STRING .

    $預設  使用規則 6 以縮減 (typename)


狀態 5

   69 printstmt: PRINT . '(' expression ')' SEMICOLON

    '('  偏移，並進入狀態 41


狀態 6

   93 unaryexpr: NOT . unaryexpr

    NOT         偏移，並進入狀態 6
    INT_LIT     偏移，並進入狀態 10
    FLOAT_LIT   偏移，並進入狀態 11
    STRING_LIT  偏移，並進入狀態 12
    IDENT       偏移，並進入狀態 13
    TRUE        偏移，並進入狀態 14
    FALSE       偏移，並進入狀態 15
    '('         偏移，並進入狀態 16
    '+'         偏移，並進入狀態 18
    '-'         偏移，並進入狀態 19

    literal    進入狀態 42
    id         進入狀態 43
    unaryexpr  進入狀態 44


狀態 7

   65 whilestmt: WHILE . '(' $@8 condition ')' $@9 begin_block statementlist end_block

    '('  偏移，並進入狀態 45


狀態 8

   38 frontif: IF . '(' condition ')' begin_block $@6 statementlist $@7 end_block

    '('  偏移，並進入狀態 46


狀態 9

   25 forstmt: FOR . '(' forclause ')' begin_block $@1 statementlist $@2 end_block

    '('  偏移，並進入狀態 47


狀態 10

    8 literal: INT_LIT .

    $預設  使用規則 8 以縮減 (literal)


狀態 11

    9 literal: FLOAT_LIT .

    $預設  使用規則 9 以縮減 (literal)


狀態 12

   10 literal: STRING_LIT .

    $預設  使用規則 10 以縮減 (literal)


狀態 13

   13 id: IDENT .

    $預設  使用規則 13 以縮減 (id)


狀態 14

   11 literal: TRUE .

    $預設  使用規則 11 以縮減 (literal)


狀態 15

   12 literal: FALSE .

    $預設  使用規則 12 以縮減 (literal)


狀態 16

   90 unaryexpr: '(' . expression ')'
   97          | '(' . typename ')' id arraysub
   98          | '(' . typename ')' id
   99          | '(' . typename ')' literal

    INT         偏移，並進入狀態 1
    FLOAT       偏移，並進入狀態 2
    BOOL        偏移，並進入狀態 3
    STRING      偏移，並進入狀態 4
    NOT         偏移，並進入狀態 6
    INT_LIT     偏移，並進入狀態 10
    FLOAT_LIT   偏移，並進入狀態 11
    STRING_LIT  偏移，並進入狀態 12
    IDENT       偏移，並進入狀態 13
    TRUE        偏移，並進入狀態 14
    FALSE       偏移，並進入狀態 15
    '('         偏移，並進入狀態 16
    '+'         偏移，並進入狀態 18
    '-'         偏移，並進入狀態 19

    typename    進入狀態 48
    literal     進入狀態 42
    id          進入狀態 43
    expression  進入狀態 49
    andexpr     進入狀態 35
    cmpexpr     進入狀態 36
    addexpr     進入狀態 37
    mulexpr     進入狀態 38
    unaryexpr   進入狀態 39


狀態 17

   67 begin_block: '{' .

    $預設  使用規則 67 以縮減 (begin_block)


狀態 18

   92 unaryexpr: '+' . unaryexpr

    NOT         偏移，並進入狀態 6
    INT_LIT     偏移，並進入狀態 10
    FLOAT_LIT   偏移，並進入狀態 11
    STRING_LIT  偏移，並進入狀態 12
    IDENT       偏移，並進入狀態 13
    TRUE        偏移，並進入狀態 14
    FALSE       偏移，並進入狀態 15
    '('         偏移，並進入狀態 16
    '+'         偏移，並進入狀態 18
    '-'         偏移，並進入狀態 19

    literal    進入狀態 42
    id         進入狀態 43
    unaryexpr  進入狀態 50


狀態 19

   91 unaryexpr: '-' . unaryexpr

    NOT         偏移，並進入狀態 6
    INT_LIT     偏移，並進入狀態 10
    FLOAT_LIT   偏移，並進入狀態 11
    STRING_LIT  偏移，並進入狀態 12
    IDENT       偏移，並進入狀態 13
    TRUE        偏移，並進入狀態 14
    FALSE       偏移，並進入狀態 15
    '('         偏移，並進入狀態 16
    '+'         偏移，並進入狀態 18
    '-'         偏移，並進入狀態 19

    literal    進入狀態 42
    id         進入狀態 43
    unaryexpr  進入狀態 51


狀態 20

    0 $accept: program . $end

    $end  偏移，並進入狀態 52


狀態 21

    1 program: statementlist .
    2 statementlist: statementlist . statement

    INT         偏移，並進入狀態 1
    FLOAT       偏移，並進入狀態 2
    BOOL        偏移，並進入狀態 3
    STRING      偏移，並進入狀態 4
    PRINT       偏移，並進入狀態 5
    NOT         偏移，並進入狀態 6
    WHILE       偏移，並進入狀態 7
    IF          偏移，並進入狀態 8
    FOR         偏移，並進入狀態 9
    INT_LIT     偏移，並進入狀態 10
    FLOAT_LIT   偏移，並進入狀態 11
    STRING_LIT  偏移，並進入狀態 12
    IDENT       偏移，並進入狀態 13
    TRUE        偏移，並進入狀態 14
    FALSE       偏移，並進入狀態 15
    '('         偏移，並進入狀態 16
    '{'         偏移，並進入狀態 17
    '+'         偏移，並進入狀態 18
    '-'         偏移，並進入狀態 19

    $預設  使用規則 1 以縮減 (program)

    typename         進入狀態 22
    literal          進入狀態 23
    id               進入狀態 24
    statement        進入狀態 53
    forstmt          進入狀態 26
    ifstmt           進入狀態 27
    frontif          進入狀態 28
    assignstmt       進入狀態 29
    whilestmt        進入狀態 30
    begin_block      進入狀態 31
    printstmt        進入狀態 32
    incdecstmt       進入狀態 33
    expression       進入狀態 34
    andexpr          進入狀態 35
    cmpexpr          進入狀態 36
    addexpr          進入狀態 37
    mulexpr          進入狀態 38
    unaryexpr        進入狀態 39
    declarationstmt  進入狀態 40


狀態 22

  101 declarationstmt: typename . IDENT
  102                | typename . IDENT '=' expression
  103                | typename . IDENT '[' expression ']'
  104                | typename . IDENT '[' expression ']' '=' expression

    IDENT  偏移，並進入狀態 54


狀態 23

   51 assignstmt: literal . '=' expression
   52           | literal . ADD_ASSIGN expression
   53           | literal . SUB_ASSIGN expression
   54           | literal . MUL_ASSIGN expression
   55           | literal . QUO_ASSIGN expression
   56           | literal . REM_ASSIGN expression
   57           | literal . '[' expression ']' '=' expression
   58           | literal . '[' expression ']' ADD_ASSIGN expression
   59           | literal . '[' expression ']' MUL_ASSIGN expression
   60           | literal . '[' expression ']' SUB_ASSIGN expression
   61           | literal . '[' expression ']' QUO_ASSIGN expression
   62           | literal . '[' expression ']' REM_ASSIGN expression
   95 unaryexpr: literal .

    ADD_ASSIGN  偏移，並進入狀態 55
    SUB_ASSIGN  偏移，並進入狀態 56
    MUL_ASSIGN  偏移，並進入狀態 57
    QUO_ASSIGN  偏移，並進入狀態 58
    REM_ASSIGN  偏移，並進入狀態 59
    '='         偏移，並進入狀態 60
    '['         偏移，並進入狀態 61

    $預設  使用規則 95 以縮減 (unaryexpr)


狀態 24

   39 assignstmt: id . '=' expression
   40           | id . ADD_ASSIGN expression
   41           | id . SUB_ASSIGN expression
   42           | id . MUL_ASSIGN expression
   43           | id . QUO_ASSIGN expression
   44           | id . REM_ASSIGN expression
   45           | id . '[' expression ']' '=' expression
   46           | id . '[' expression ']' ADD_ASSIGN expression
   47           | id . '[' expression ']' MUL_ASSIGN expression
   48           | id . '[' expression ']' SUB_ASSIGN expression
   49           | id . '[' expression ']' QUO_ASSIGN expression
   50           | id . '[' expression ']' REM_ASSIGN expression
   70 incdecstmt: id . INC
   71           | id . DEC
   94 unaryexpr: id . arraysub
   96          | id .

    INC         偏移，並進入狀態 62
    DEC         偏移，並進入狀態 63
    ADD_ASSIGN  偏移，並進入狀態 64
    SUB_ASSIGN  偏移，並進入狀態 65
    MUL_ASSIGN  偏移，並進入狀態 66
    QUO_ASSIGN  偏移，並進入狀態 67
    REM_ASSIGN  偏移，並進入狀態 68
    '='         偏移，並進入狀態 69
    '['         偏移，並進入狀態 70

    $預設  使用規則 96 以縮減 (unaryexpr)

    arraysub  進入狀態 71


狀態 25

    3 statementlist: statement .

    $預設  使用規則 3 以縮減 (statementlist)


狀態 26

   22 statement: forstmt .

    $預設  使用規則 22 以縮減 (statement)


狀態 27

   21 statement: ifstmt .

    $預設  使用規則 21 以縮減 (statement)


狀態 28

   33 ifstmt: frontif . ELSE begin_block statementlist end_block
   34       | frontif . ELSE ifstmt
   35       | frontif .

    ELSE  偏移，並進入狀態 72

    $預設  使用規則 35 以縮減 (ifstmt)


狀態 29

   20 statement: assignstmt . SEMICOLON

    SEMICOLON  偏移，並進入狀態 73


狀態 30

   18 statement: whilestmt .

    $預設  使用規則 18 以縮減 (statement)


狀態 31

   19 statement: begin_block . statement end_block

    INT         偏移，並進入狀態 1
    FLOAT       偏移，並進入狀態 2
    BOOL        偏移，並進入狀態 3
    STRING      偏移，並進入狀態 4
    PRINT       偏移，並進入狀態 5
    NOT         偏移，並進入狀態 6
    WHILE       偏移，並進入狀態 7
    IF          偏移，並進入狀態 8
    FOR         偏移，並進入狀態 9
    INT_LIT     偏移，並進入狀態 10
    FLOAT_LIT   偏移，並進入狀態 11
    STRING_LIT  偏移，並進入狀態 12
    IDENT       偏移，並進入狀態 13
    TRUE        偏移，並進入狀態 14
    FALSE       偏移，並進入狀態 15
    '('         偏移，並進入狀態 16
    '{'         偏移，並進入狀態 17
    '+'         偏移，並進入狀態 18
    '-'         偏移，並進入狀態 19

    typename         進入狀態 22
    literal          進入狀態 23
    id               進入狀態 24
    statement        進入狀態 74
    forstmt          進入狀態 26
    ifstmt           進入狀態 27
    frontif          進入狀態 28
    assignstmt       進入狀態 29
    whilestmt        進入狀態 30
    begin_block      進入狀態 31
    printstmt        進入狀態 32
    incdecstmt       進入狀態 33
    expression       進入狀態 34
    andexpr          進入狀態 35
    cmpexpr          進入狀態 36
    addexpr          進入狀態 37
    mulexpr          進入狀態 38
    unaryexpr        進入狀態 39
    declarationstmt  進入狀態 40


狀態 32

   17 statement: printstmt .

    $預設  使用規則 17 以縮減 (statement)


狀態 33

   16 statement: incdecstmt . SEMICOLON

    SEMICOLON  偏移，並進入狀態 75


狀態 34

   15 statement: expression . SEMICOLON
   72 expression: expression . OR andexpr

    SEMICOLON  偏移，並進入狀態 76
    OR         偏移，並進入狀態 77


狀態 35

   73 expression: andexpr .
   74 andexpr: andexpr . AND cmpexpr

    AND  偏移，並進入狀態 78

    $預設  使用規則 73 以縮減 (expression)


狀態 36

   75 andexpr: cmpexpr .
   76 cmpexpr: cmpexpr . '>' addexpr
   77        | cmpexpr . '<' addexpr
   78        | cmpexpr . LEQ addexpr
   79        | cmpexpr . GEQ addexpr
   80        | cmpexpr . EQL addexpr
   81        | cmpexpr . NEQ addexpr

    LEQ  偏移，並進入狀態 79
    GEQ  偏移，並進入狀態 80
    EQL  偏移，並進入狀態 81
    NEQ  偏移，並進入狀態 82
    '>'  偏移，並進入狀態 83
    '<'  偏移，並進入狀態 84

    $預設  使用規則 75 以縮減 (andexpr)


狀態 37

   82 cmpexpr: addexpr .
   83 addexpr: addexpr . '+' mulexpr
   84        | addexpr . '-' mulexpr

    '+'  偏移，並進入狀態 85
    '-'  偏移，並進入狀態 86

    $預設  使用規則 82 以縮減 (cmpexpr)


狀態 38

   85 addexpr: mulexpr .
   86 mulexpr: mulexpr . '*' unaryexpr
   87        | mulexpr . '/' unaryexpr
   88        | mulexpr . '%' unaryexpr

    '*'  偏移，並進入狀態 87
    '/'  偏移，並進入狀態 88
    '%'  偏移，並進入狀態 89

    $預設  使用規則 85 以縮減 (addexpr)


狀態 39

   89 mulexpr: unaryexpr .

    $預設  使用規則 89 以縮減 (mulexpr)


狀態 40

   14 statement: declarationstmt . SEMICOLON

    SEMICOLON  偏移，並進入狀態 90


狀態 41

   69 printstmt: PRINT '(' . expression ')' SEMICOLON

    NOT         偏移，並進入狀態 6
    INT_LIT     偏移，並進入狀態 10
    FLOAT_LIT   偏移，並進入狀態 11
    STRING_LIT  偏移，並進入狀態 12
    IDENT       偏移，並進入狀態 13
    TRUE        偏移，並進入狀態 14
    FALSE       偏移，並進入狀態 15
    '('         偏移，並進入狀態 16
    '+'         偏移，並進入狀態 18
    '-'         偏移，並進入狀態 19

    literal     進入狀態 42
    id          進入狀態 43
    expression  進入狀態 91
    andexpr     進入狀態 35
    cmpexpr     進入狀態 36
    addexpr     進入狀態 37
    mulexpr     進入狀態 38
    unaryexpr   進入狀態 39


狀態 42

   95 unaryexpr: literal .

    $預設  使用規則 95 以縮減 (unaryexpr)


狀態 43

   94 unaryexpr: id . arraysub
   96          | id .

    '['  偏移，並進入狀態 92

    $預設  使用規則 96 以縮減 (unaryexpr)

    arraysub  進入狀態 71


狀態 44

   93 unaryexpr: NOT unaryexpr .

    $預設  使用規則 93 以縮減 (unaryexpr)


狀態 45

   65 whilestmt: WHILE '(' . $@8 condition ')' $@9 begin_block statementlist end_block

    $預設  使用規則 63 以縮減 ($@8)

    $@8  進入狀態 93


狀態 46

   38 frontif: IF '(' . condition ')' begin_block $@6 statementlist $@7 end_block

    NOT         偏移，並進入狀態 6
    INT_LIT     偏移，並進入狀態 10
    FLOAT_LIT   偏移，並進入狀態 11
    STRING_LIT  偏移，並進入狀態 12
    IDENT       偏移，並進入狀態 13
    TRUE        偏移，並進入狀態 14
    FALSE       偏移，並進入狀態 15
    '('         偏移，並進入狀態 16
    '+'         偏移，並進入狀態 18
    '-'         偏移，並進入狀態 19

    literal     進入狀態 42
    id          進入狀態 43
    condition   進入狀態 94
    expression  進入狀態 95
    andexpr     進入狀態 35
    cmpexpr     進入狀態 36
    addexpr     進入狀態 37
    mulexpr     進入狀態 38
    unaryexpr   進入狀態 39


狀態 47

   25 forstmt: FOR '(' . forclause ')' begin_block $@1 statementlist $@2 end_block

    NOT         偏移，並進入狀態 6
    INT_LIT     偏移，並進入狀態 10
    FLOAT_LIT   偏移，並進入狀態 11
    STRING_LIT  偏移，並進入狀態 12
    IDENT       偏移，並進入狀態 13
    TRUE        偏移，並進入狀態 14
    FALSE       偏移，並進入狀態 15
    '('         偏移，並進入狀態 16
    '+'         偏移，並進入狀態 18
    '-'         偏移，並進入狀態 19

    literal     進入狀態 23
    id          進入狀態 24
    forclause   進入狀態 96
    simpleexpr  進入狀態 97
    assignstmt  進入狀態 98
    incdecstmt  進入狀態 99
    expression  進入狀態 100
    andexpr     進入狀態 35
    cmpexpr     進入狀態 36
    addexpr     進入狀態 37
    mulexpr     進入狀態 38
    unaryexpr   進入狀態 39


狀態 48

   97 unaryexpr: '(' typename . ')' id arraysub
   98          | '(' typename . ')' id
   99          | '(' typename . ')' literal

    ')'  偏移，並進入狀態 101


狀態 49

   72 expression: expression . OR andexpr
   90 unaryexpr: '(' expression . ')'

    OR   偏移，並進入狀態 77
    ')'  偏移，並進入狀態 102


狀態 50

   92 unaryexpr: '+' unaryexpr .

    $預設  使用規則 92 以縮減 (unaryexpr)


狀態 51

   91 unaryexpr: '-' unaryexpr .

    $預設  使用規則 91 以縮減 (unaryexpr)


狀態 52

    0 $accept: program $end .

    $預設  接受


狀態 53

    2 statementlist: statementlist statement .

    $預設  使用規則 2 以縮減 (statementlist)


狀態 54

  101 declarationstmt: typename IDENT .
  102                | typename IDENT . '=' expression
  103                | typename IDENT . '[' expression ']'
  104                | typename IDENT . '[' expression ']' '=' expression

    '='  偏移，並進入狀態 103
    '['  偏移，並進入狀態 104

    $預設  使用規則 101 以縮減 (declarationstmt)


狀態 55

   52 assignstmt: literal ADD_ASSIGN . expression

    NOT         偏移，並進入狀態 6
    INT_LIT     偏移，並進入狀態 10
    FLOAT_LIT   偏移，並進入狀態 11
    STRING_LIT  偏移，並進入狀態 12
    IDENT       偏移，並進入狀態 13
    TRUE        偏移，並進入狀態 14
    FALSE       偏移，並進入狀態 15
    '('         偏移，並進入狀態 16
    '+'         偏移，並進入狀態 18
    '-'         偏移，並進入狀態 19

    literal     進入狀態 42
    id          進入狀態 43
    expression  進入狀態 105
    andexpr     進入狀態 35
    cmpexpr     進入狀態 36
    addexpr     進入狀態 37
    mulexpr     進入狀態 38
    unaryexpr   進入狀態 39


狀態 56

   53 assignstmt: literal SUB_ASSIGN . expression

    NOT         偏移，並進入狀態 6
    INT_LIT     偏移，並進入狀態 10
    FLOAT_LIT   偏移，並進入狀態 11
    STRING_LIT  偏移，並進入狀態 12
    IDENT       偏移，並進入狀態 13
    TRUE        偏移，並進入狀態 14
    FALSE       偏移，並進入狀態 15
    '('         偏移，並進入狀態 16
    '+'         偏移，並進入狀態 18
    '-'         偏移，並進入狀態 19

    literal     進入狀態 42
    id          進入狀態 43
    expression  進入狀態 106
    andexpr     進入狀態 35
    cmpexpr     進入狀態 36
    addexpr     進入狀態 37
    mulexpr     進入狀態 38
    unaryexpr   進入狀態 39


狀態 57

   54 assignstmt: literal MUL_ASSIGN . expression

    NOT         偏移，並進入狀態 6
    INT_LIT     偏移，並進入狀態 10
    FLOAT_LIT   偏移，並進入狀態 11
    STRING_LIT  偏移，並進入狀態 12
    IDENT       偏移，並進入狀態 13
    TRUE        偏移，並進入狀態 14
    FALSE       偏移，並進入狀態 15
    '('         偏移，並進入狀態 16
    '+'         偏移，並進入狀態 18
    '-'         偏移，並進入狀態 19

    literal     進入狀態 42
    id          進入狀態 43
    expression  進入狀態 107
    andexpr     進入狀態 35
    cmpexpr     進入狀態 36
    addexpr     進入狀態 37
    mulexpr     進入狀態 38
    unaryexpr   進入狀態 39


狀態 58

   55 assignstmt: literal QUO_ASSIGN . expression

    NOT         偏移，並進入狀態 6
    INT_LIT     偏移，並進入狀態 10
    FLOAT_LIT   偏移，並進入狀態 11
    STRING_LIT  偏移，並進入狀態 12
    IDENT       偏移，並進入狀態 13
    TRUE        偏移，並進入狀態 14
    FALSE       偏移，並進入狀態 15
    '('         偏移，並進入狀態 16
    '+'         偏移，並進入狀態 18
    '-'         偏移，並進入狀態 19

    literal     進入狀態 42
    id          進入狀態 43
    expression  進入狀態 108
    andexpr     進入狀態 35
    cmpexpr     進入狀態 36
    addexpr     進入狀態 37
    mulexpr     進入狀態 38
    unaryexpr   進入狀態 39


狀態 59

   56 assignstmt: literal REM_ASSIGN . expression

    NOT         偏移，並進入狀態 6
    INT_LIT     偏移，並進入狀態 10
    FLOAT_LIT   偏移，並進入狀態 11
    STRING_LIT  偏移，並進入狀態 12
    IDENT       偏移，並進入狀態 13
    TRUE        偏移，並進入狀態 14
    FALSE       偏移，並進入狀態 15
    '('         偏移，並進入狀態 16
    '+'         偏移，並進入狀態 18
    '-'         偏移，並進入狀態 19

    literal     進入狀態 42
    id          進入狀態 43
    expression  進入狀態 109
    andexpr     進入狀態 35
    cmpexpr     進入狀態 36
    addexpr     進入狀態 37
    mulexpr     進入狀態 38
    unaryexpr   進入狀態 39


狀態 60

   51 assignstmt: literal '=' . expression

    NOT         偏移，並進入狀態 6
    INT_LIT     偏移，並進入狀態 10
    FLOAT_LIT   偏移，並進入狀態 11
    STRING_LIT  偏移，並進入狀態 12
    IDENT       偏移，並進入狀態 13
    TRUE        偏移，並進入狀態 14
    FALSE       偏移，並進入狀態 15
    '('         偏移，並進入狀態 16
    '+'         偏移，並進入狀態 18
    '-'         偏移，並進入狀態 19

    literal     進入狀態 42
    id          進入狀態 43
    expression  進入狀態 110
    andexpr     進入狀態 35
    cmpexpr     進入狀態 36
    addexpr     進入狀態 37
    mulexpr     進入狀態 38
    unaryexpr   進入狀態 39


狀態 61

   57 assignstmt: literal '[' . expression ']' '=' expression
   58           | literal '[' . expression ']' ADD_ASSIGN expression
   59           | literal '[' . expression ']' MUL_ASSIGN expression
   60           | literal '[' . expression ']' SUB_ASSIGN expression
   61           | literal '[' . expression ']' QUO_ASSIGN expression
   62           | literal '[' . expression ']' REM_ASSIGN expression

    NOT         偏移，並進入狀態 6
    INT_LIT     偏移，並進入狀態 10
    FLOAT_LIT   偏移，並進入狀態 11
    STRING_LIT  偏移，並進入狀態 12
    IDENT       偏移，並進入狀態 13
    TRUE        偏移，並進入狀態 14
    FALSE       偏移，並進入狀態 15
    '('         偏移，並進入狀態 16
    '+'         偏移，並進入狀態 18
    '-'         偏移，並進入狀態 19

    literal     進入狀態 42
    id          進入狀態 43
    expression  進入狀態 111
    andexpr     進入狀態 35
    cmpexpr     進入狀態 36
    addexpr     進入狀態 37
    mulexpr     進入狀態 38
    unaryexpr   進入狀態 39


狀態 62

   70 incdecstmt: id INC .

    $預設  使用規則 70 以縮減 (incdecstmt)


狀態 63

   71 incdecstmt: id DEC .

    $預設  使用規則 71 以縮減 (incdecstmt)


狀態 64

   40 assignstmt: id ADD_ASSIGN . expression

    NOT         偏移，並進入狀態 6
    INT_LIT     偏移，並進入狀態 10
    FLOAT_LIT   偏移，並進入狀態 11
    STRING_LIT  偏移，並進入狀態 12
    IDENT       偏移，並進入狀態 13
    TRUE        偏移，並進入狀態 14
    FALSE       偏移，並進入狀態 15
    '('         偏移，並進入狀態 16
    '+'         偏移，並進入狀態 18
    '-'         偏移，並進入狀態 19

    literal     進入狀態 42
    id          進入狀態 43
    expression  進入狀態 112
    andexpr     進入狀態 35
    cmpexpr     進入狀態 36
    addexpr     進入狀態 37
    mulexpr     進入狀態 38
    unaryexpr   進入狀態 39


狀態 65

   41 assignstmt: id SUB_ASSIGN . expression

    NOT         偏移，並進入狀態 6
    INT_LIT     偏移，並進入狀態 10
    FLOAT_LIT   偏移，並進入狀態 11
    STRING_LIT  偏移，並進入狀態 12
    IDENT       偏移，並進入狀態 13
    TRUE        偏移，並進入狀態 14
    FALSE       偏移，並進入狀態 15
    '('         偏移，並進入狀態 16
    '+'         偏移，並進入狀態 18
    '-'         偏移，並進入狀態 19

    literal     進入狀態 42
    id          進入狀態 43
    expression  進入狀態 113
    andexpr     進入狀態 35
    cmpexpr     進入狀態 36
    addexpr     進入狀態 37
    mulexpr     進入狀態 38
    unaryexpr   進入狀態 39


狀態 66

   42 assignstmt: id MUL_ASSIGN . expression

    NOT         偏移，並進入狀態 6
    INT_LIT     偏移，並進入狀態 10
    FLOAT_LIT   偏移，並進入狀態 11
    STRING_LIT  偏移，並進入狀態 12
    IDENT       偏移，並進入狀態 13
    TRUE        偏移，並進入狀態 14
    FALSE       偏移，並進入狀態 15
    '('         偏移，並進入狀態 16
    '+'         偏移，並進入狀態 18
    '-'         偏移，並進入狀態 19

    literal     進入狀態 42
    id          進入狀態 43
    expression  進入狀態 114
    andexpr     進入狀態 35
    cmpexpr     進入狀態 36
    addexpr     進入狀態 37
    mulexpr     進入狀態 38
    unaryexpr   進入狀態 39


狀態 67

   43 assignstmt: id QUO_ASSIGN . expression

    NOT         偏移，並進入狀態 6
    INT_LIT     偏移，並進入狀態 10
    FLOAT_LIT   偏移，並進入狀態 11
    STRING_LIT  偏移，並進入狀態 12
    IDENT       偏移，並進入狀態 13
    TRUE        偏移，並進入狀態 14
    FALSE       偏移，並進入狀態 15
    '('         偏移，並進入狀態 16
    '+'         偏移，並進入狀態 18
    '-'         偏移，並進入狀態 19

    literal     進入狀態 42
    id          進入狀態 43
    expression  進入狀態 115
    andexpr     進入狀態 35
    cmpexpr     進入狀態 36
    addexpr     進入狀態 37
    mulexpr     進入狀態 38
    unaryexpr   進入狀態 39


狀態 68

   44 assignstmt: id REM_ASSIGN . expression

    NOT         偏移，並進入狀態 6
    INT_LIT     偏移，並進入狀態 10
    FLOAT_LIT   偏移，並進入狀態 11
    STRING_LIT  偏移，並進入狀態 12
    IDENT       偏移，並進入狀態 13
    TRUE        偏移，並進入狀態 14
    FALSE       偏移，並進入狀態 15
    '('         偏移，並進入狀態 16
    '+'         偏移，並進入狀態 18
    '-'         偏移，並進入狀態 19

    literal     進入狀態 42
    id          進入狀態 43
    expression  進入狀態 116
    andexpr     進入狀態 35
    cmpexpr     進入狀態 36
    addexpr     進入狀態 37
    mulexpr     進入狀態 38
    unaryexpr   進入狀態 39


狀態 69

   39 assignstmt: id '=' . expression

    NOT         偏移，並進入狀態 6
    INT_LIT     偏移，並進入狀態 10
    FLOAT_LIT   偏移，並進入狀態 11
    STRING_LIT  偏移，並進入狀態 12
    IDENT       偏移，並進入狀態 13
    TRUE        偏移，並進入狀態 14
    FALSE       偏移，並進入狀態 15
    '('         偏移，並進入狀態 16
    '+'         偏移，並進入狀態 18
    '-'         偏移，並進入狀態 19

    literal     進入狀態 42
    id          進入狀態 43
    expression  進入狀態 117
    andexpr     進入狀態 35
    cmpexpr     進入狀態 36
    addexpr     進入狀態 37
    mulexpr     進入狀態 38
    unaryexpr   進入狀態 39


狀態 70

   45 assignstmt: id '[' . expression ']' '=' expression
   46           | id '[' . expression ']' ADD_ASSIGN expression
   47           | id '[' . expression ']' MUL_ASSIGN expression
   48           | id '[' . expression ']' SUB_ASSIGN expression
   49           | id '[' . expression ']' QUO_ASSIGN expression
   50           | id '[' . expression ']' REM_ASSIGN expression
  100 arraysub: '[' . expression ']'

    NOT         偏移，並進入狀態 6
    INT_LIT     偏移，並進入狀態 10
    FLOAT_LIT   偏移，並進入狀態 11
    STRING_LIT  偏移，並進入狀態 12
    IDENT       偏移，並進入狀態 13
    TRUE        偏移，並進入狀態 14
    FALSE       偏移，並進入狀態 15
    '('         偏移，並進入狀態 16
    '+'         偏移，並進入狀態 18
    '-'         偏移，並進入狀態 19

    literal     進入狀態 42
    id          進入狀態 43
    expression  進入狀態 118
    andexpr     進入狀態 35
    cmpexpr     進入狀態 36
    addexpr     進入狀態 37
    mulexpr     進入狀態 38
    unaryexpr   進入狀態 39


狀態 71

   94 unaryexpr: id arraysub .

    $預設  使用規則 94 以縮減 (unaryexpr)


狀態 72

   33 ifstmt: frontif ELSE . begin_block statementlist end_block
   34       | frontif ELSE . ifstmt

    IF   偏移，並進入狀態 8
    '{'  偏移，並進入狀態 17

    ifstmt       進入狀態 119
    frontif      進入狀態 28
    begin_block  進入狀態 120


狀態 73

   20 statement: assignstmt SEMICOLON .

    $預設  使用規則 20 以縮減 (statement)


狀態 74

   19 statement: begin_block statement . end_block

    '}'  偏移，並進入狀態 121

    end_block  進入狀態 122


狀態 75

   16 statement: incdecstmt SEMICOLON .

    $預設  使用規則 16 以縮減 (statement)


狀態 76

   15 statement: expression SEMICOLON .

    $預設  使用規則 15 以縮減 (statement)


狀態 77

   72 expression: expression OR . andexpr

    NOT         偏移，並進入狀態 6
    INT_LIT     偏移，並進入狀態 10
    FLOAT_LIT   偏移，並進入狀態 11
    STRING_LIT  偏移，並進入狀態 12
    IDENT       偏移，並進入狀態 13
    TRUE        偏移，並進入狀態 14
    FALSE       偏移，並進入狀態 15
    '('         偏移，並進入狀態 16
    '+'         偏移，並進入狀態 18
    '-'         偏移，並進入狀態 19

    literal    進入狀態 42
    id         進入狀態 43
    andexpr    進入狀態 123
    cmpexpr    進入狀態 36
    addexpr    進入狀態 37
    mulexpr    進入狀態 38
    unaryexpr  進入狀態 39


狀態 78

   74 andexpr: andexpr AND . cmpexpr

    NOT         偏移，並進入狀態 6
    INT_LIT     偏移，並進入狀態 10
    FLOAT_LIT   偏移，並進入狀態 11
    STRING_LIT  偏移，並進入狀態 12
    IDENT       偏移，並進入狀態 13
    TRUE        偏移，並進入狀態 14
    FALSE       偏移，並進入狀態 15
    '('         偏移，並進入狀態 16
    '+'         偏移，並進入狀態 18
    '-'         偏移，並進入狀態 19

    literal    進入狀態 42
    id         進入狀態 43
    cmpexpr    進入狀態 124
    addexpr    進入狀態 37
    mulexpr    進入狀態 38
    unaryexpr  進入狀態 39


狀態 79

   78 cmpexpr: cmpexpr LEQ . addexpr

    NOT         偏移，並進入狀態 6
    INT_LIT     偏移，並進入狀態 10
    FLOAT_LIT   偏移，並進入狀態 11
    STRING_LIT  偏移，並進入狀態 12
    IDENT       偏移，並進入狀態 13
    TRUE        偏移，並進入狀態 14
    FALSE       偏移，並進入狀態 15
    '('         偏移，並進入狀態 16
    '+'         偏移，並進入狀態 18
    '-'         偏移，並進入狀態 19

    literal    進入狀態 42
    id         進入狀態 43
    addexpr    進入狀態 125
    mulexpr    進入狀態 38
    unaryexpr  進入狀態 39


狀態 80

   79 cmpexpr: cmpexpr GEQ . addexpr

    NOT         偏移，並進入狀態 6
    INT_LIT     偏移，並進入狀態 10
    FLOAT_LIT   偏移，並進入狀態 11
    STRING_LIT  偏移，並進入狀態 12
    IDENT       偏移，並進入狀態 13
    TRUE        偏移，並進入狀態 14
    FALSE       偏移，並進入狀態 15
    '('         偏移，並進入狀態 16
    '+'         偏移，並進入狀態 18
    '-'         偏移，並進入狀態 19

    literal    進入狀態 42
    id         進入狀態 43
    addexpr    進入狀態 126
    mulexpr    進入狀態 38
    unaryexpr  進入狀態 39


狀態 81

   80 cmpexpr: cmpexpr EQL . addexpr

    NOT         偏移，並進入狀態 6
    INT_LIT     偏移，並進入狀態 10
    FLOAT_LIT   偏移，並進入狀態 11
    STRING_LIT  偏移，並進入狀態 12
    IDENT       偏移，並進入狀態 13
    TRUE        偏移，並進入狀態 14
    FALSE       偏移，並進入狀態 15
    '('         偏移，並進入狀態 16
    '+'         偏移，並進入狀態 18
    '-'         偏移，並進入狀態 19

    literal    進入狀態 42
    id         進入狀態 43
    addexpr    進入狀態 127
    mulexpr    進入狀態 38
    unaryexpr  進入狀態 39


狀態 82

   81 cmpexpr: cmpexpr NEQ . addexpr

    NOT         偏移，並進入狀態 6
    INT_LIT     偏移，並進入狀態 10
    FLOAT_LIT   偏移，並進入狀態 11
    STRING_LIT  偏移，並進入狀態 12
    IDENT       偏移，並進入狀態 13
    TRUE        偏移，並進入狀態 14
    FALSE       偏移，並進入狀態 15
    '('         偏移，並進入狀態 16
    '+'         偏移，並進入狀態 18
    '-'         偏移，並進入狀態 19

    literal    進入狀態 42
    id         進入狀態 43
    addexpr    進入狀態 128
    mulexpr    進入狀態 38
    unaryexpr  進入狀態 39


狀態 83

   76 cmpexpr: cmpexpr '>' . addexpr

    NOT         偏移，並進入狀態 6
    INT_LIT     偏移，並進入狀態 10
    FLOAT_LIT   偏移，並進入狀態 11
    STRING_LIT  偏移，並進入狀態 12
    IDENT       偏移，並進入狀態 13
    TRUE        偏移，並進入狀態 14
    FALSE       偏移，並進入狀態 15
    '('         偏移，並進入狀態 16
    '+'         偏移，並進入狀態 18
    '-'         偏移，並進入狀態 19

    literal    進入狀態 42
    id         進入狀態 43
    addexpr    進入狀態 129
    mulexpr    進入狀態 38
    unaryexpr  進入狀態 39


狀態 84

   77 cmpexpr: cmpexpr '<' . addexpr

    NOT         偏移，並進入狀態 6
    INT_LIT     偏移，並進入狀態 10
    FLOAT_LIT   偏移，並進入狀態 11
    STRING_LIT  偏移，並進入狀態 12
    IDENT       偏移，並進入狀態 13
    TRUE        偏移，並進入狀態 14
    FALSE       偏移，並進入狀態 15
    '('         偏移，並進入狀態 16
    '+'         偏移，並進入狀態 18
    '-'         偏移，並進入狀態 19

    literal    進入狀態 42
    id         進入狀態 43
    addexpr    進入狀態 130
    mulexpr    進入狀態 38
    unaryexpr  進入狀態 39


狀態 85

   83 addexpr: addexpr '+' . mulexpr

    NOT         偏移，並進入狀態 6
    INT_LIT     偏移，並進入狀態 10
    FLOAT_LIT   偏移，並進入狀態 11
    STRING_LIT  偏移，並進入狀態 12
    IDENT       偏移，並進入狀態 13
    TRUE        偏移，並進入狀態 14
    FALSE       偏移，並進入狀態 15
    '('         偏移，並進入狀態 16
    '+'         偏移，並進入狀態 18
    '-'         偏移，並進入狀態 19

    literal    進入狀態 42
    id         進入狀態 43
    mulexpr    進入狀態 131
    unaryexpr  進入狀態 39


狀態 86

   84 addexpr: addexpr '-' . mulexpr

    NOT         偏移，並進入狀態 6
    INT_LIT     偏移，並進入狀態 10
    FLOAT_LIT   偏移，並進入狀態 11
    STRING_LIT  偏移，並進入狀態 12
    IDENT       偏移，並進入狀態 13
    TRUE        偏移，並進入狀態 14
    FALSE       偏移，並進入狀態 15
    '('         偏移，並進入狀態 16
    '+'         偏移，並進入狀態 18
    '-'         偏移，並進入狀態 19

    literal    進入狀態 42
    id         進入狀態 43
    mulexpr    進入狀態 132
    unaryexpr  進入狀態 39


狀態 87

   86 mulexpr: mulexpr '*' . unaryexpr

    NOT         偏移，並進入狀態 6
    INT_LIT     偏移，並進入狀態 10
    FLOAT_LIT   偏移，並進入狀態 11
    STRING_LIT  偏移，並進入狀態 12
    IDENT       偏移，並進入狀態 13
    TRUE        偏移，並進入狀態 14
    FALSE       偏移，並進入狀態 15
    '('         偏移，並進入狀態 16
    '+'         偏移，並進入狀態 18
    '-'         偏移，並進入狀態 19

    literal    進入狀態 42
    id         進入狀態 43
    unaryexpr  進入狀態 133


狀態 88

   87 mulexpr: mulexpr '/' . unaryexpr

    NOT         偏移，並進入狀態 6
    INT_LIT     偏移，並進入狀態 10
    FLOAT_LIT   偏移，並進入狀態 11
    STRING_LIT  偏移，並進入狀態 12
    IDENT       偏移，並進入狀態 13
    TRUE        偏移，並進入狀態 14
    FALSE       偏移，並進入狀態 15
    '('         偏移，並進入狀態 16
    '+'         偏移，並進入狀態 18
    '-'         偏移，並進入狀態 19

    literal    進入狀態 42
    id         進入狀態 43
    unaryexpr  進入狀態 134


狀態 89

   88 mulexpr: mulexpr '%' . unaryexpr

    NOT         偏移，並進入狀態 6
    INT_LIT     偏移，並進入狀態 10
    FLOAT_LIT   偏移，並進入狀態 11
    STRING_LIT  偏移，並進入狀態 12
    IDENT       偏移，並進入狀態 13
    TRUE        偏移，並進入狀態 14
    FALSE       偏移，並進入狀態 15
    '('         偏移，並進入狀態 16
    '+'         偏移，並進入狀態 18
    '-'         偏移，並進入狀態 19

    literal    進入狀態 42
    id         進入狀態 43
    unaryexpr  進入狀態 135


狀態 90

   14 statement: declarationstmt SEMICOLON .

    $預設  使用規則 14 以縮減 (statement)


狀態 91

   69 printstmt: PRINT '(' expression . ')' SEMICOLON
   72 expression: expression . OR andexpr

    OR   偏移，並進入狀態 77
    ')'  偏移，並進入狀態 136


狀態 92

  100 arraysub: '[' . expression ']'

    NOT         偏移，並進入狀態 6
    INT_LIT     偏移，並進入狀態 10
    FLOAT_LIT   偏移，並進入狀態 11
    STRING_LIT  偏移，並進入狀態 12
    IDENT       偏移，並進入狀態 13
    TRUE        偏移，並進入狀態 14
    FALSE       偏移，並進入狀態 15
    '('         偏移，並進入狀態 16
    '+'         偏移，並進入狀態 18
    '-'         偏移，並進入狀態 19

    literal     進入狀態 42
    id          進入狀態 43
    expression  進入狀態 137
    andexpr     進入狀態 35
    cmpexpr     進入狀態 36
    addexpr     進入狀態 37
    mulexpr     進入狀態 38
    unaryexpr   進入狀態 39


狀態 93

   65 whilestmt: WHILE '(' $@8 . condition ')' $@9 begin_block statementlist end_block

    NOT         偏移，並進入狀態 6
    INT_LIT     偏移，並進入狀態 10
    FLOAT_LIT   偏移，並進入狀態 11
    STRING_LIT  偏移，並進入狀態 12
    IDENT       偏移，並進入狀態 13
    TRUE        偏移，並進入狀態 14
    FALSE       偏移，並進入狀態 15
    '('         偏移，並進入狀態 16
    '+'         偏移，並進入狀態 18
    '-'         偏移，並進入狀態 19

    literal     進入狀態 42
    id          進入狀態 43
    condition   進入狀態 138
    expression  進入狀態 95
    andexpr     進入狀態 35
    cmpexpr     進入狀態 36
    addexpr     進入狀態 37
    mulexpr     進入狀態 38
    unaryexpr   進入狀態 39


狀態 94

   38 frontif: IF '(' condition . ')' begin_block $@6 statementlist $@7 end_block

    ')'  偏移，並進入狀態 139


狀態 95

   66 condition: expression .
   72 expression: expression . OR andexpr

    OR  偏移，並進入狀態 77

    $預設  使用規則 66 以縮減 (condition)


狀態 96

   25 forstmt: FOR '(' forclause . ')' begin_block $@1 statementlist $@2 end_block

    ')'  偏移，並進入狀態 140


狀態 97

   29 forclause: simpleexpr . SEMICOLON $@3 condition $@4 SEMICOLON $@5 simpleexpr

    SEMICOLON  偏移，並進入狀態 141


狀態 98

   30 simpleexpr: assignstmt .

    $預設  使用規則 30 以縮減 (simpleexpr)


狀態 99

   32 simpleexpr: incdecstmt .

    $預設  使用規則 32 以縮減 (simpleexpr)


狀態 100

   31 simpleexpr: expression .
   72 expression: expression . OR andexpr

    OR  偏移，並進入狀態 77

    $預設  使用規則 31 以縮減 (simpleexpr)


狀態 101

   97 unaryexpr: '(' typename ')' . id arraysub
   98          | '(' typename ')' . id
   99          | '(' typename ')' . literal

    INT_LIT     偏移，並進入狀態 10
    FLOAT_LIT   偏移，並進入狀態 11
    STRING_LIT  偏移，並進入狀態 12
    IDENT       偏移，並進入狀態 13
    TRUE        偏移，並進入狀態 14
    FALSE       偏移，並進入狀態 15

    literal  進入狀態 142
    id       進入狀態 143


狀態 102

   90 unaryexpr: '(' expression ')' .

    $預設  使用規則 90 以縮減 (unaryexpr)


狀態 103

  102 declarationstmt: typename IDENT '=' . expression

    NOT         偏移，並進入狀態 6
    INT_LIT     偏移，並進入狀態 10
    FLOAT_LIT   偏移，並進入狀態 11
    STRING_LIT  偏移，並進入狀態 12
    IDENT       偏移，並進入狀態 13
    TRUE        偏移，並進入狀態 14
    FALSE       偏移，並進入狀態 15
    '('         偏移，並進入狀態 16
    '+'         偏移，並進入狀態 18
    '-'         偏移，並進入狀態 19

    literal     進入狀態 42
    id          進入狀態 43
    expression  進入狀態 144
    andexpr     進入狀態 35
    cmpexpr     進入狀態 36
    addexpr     進入狀態 37
    mulexpr     進入狀態 38
    unaryexpr   進入狀態 39


狀態 104

  103 declarationstmt: typename IDENT '[' . expression ']'
  104                | typename IDENT '[' . expression ']' '=' expression

    NOT         偏移，並進入狀態 6
    INT_LIT     偏移，並進入狀態 10
    FLOAT_LIT   偏移，並進入狀態 11
    STRING_LIT  偏移，並進入狀態 12
    IDENT       偏移，並進入狀態 13
    TRUE        偏移，並進入狀態 14
    FALSE       偏移，並進入狀態 15
    '('         偏移，並進入狀態 16
    '+'         偏移，並進入狀態 18
    '-'         偏移，並進入狀態 19

    literal     進入狀態 42
    id          進入狀態 43
    expression  進入狀態 145
    andexpr     進入狀態 35
    cmpexpr     進入狀態 36
    addexpr     進入狀態 37
    mulexpr     進入狀態 38
    unaryexpr   進入狀態 39


狀態 105

   52 assignstmt: literal ADD_ASSIGN expression .
   72 expression: expression . OR andexpr

    OR  偏移，並進入狀態 77

    $預設  使用規則 52 以縮減 (assignstmt)


狀態 106

   53 assignstmt: literal SUB_ASSIGN expression .
   72 expression: expression . OR andexpr

    OR  偏移，並進入狀態 77

    $預設  使用規則 53 以縮減 (assignstmt)


狀態 107

   54 assignstmt: literal MUL_ASSIGN expression .
   72 expression: expression . OR andexpr

    OR  偏移，並進入狀態 77

    $預設  使用規則 54 以縮減 (assignstmt)


狀態 108

   55 assignstmt: literal QUO_ASSIGN expression .
   72 expression: expression . OR andexpr

    OR  偏移，並進入狀態 77

    $預設  使用規則 55 以縮減 (assignstmt)


狀態 109

   56 assignstmt: literal REM_ASSIGN expression .
   72 expression: expression . OR andexpr

    OR  偏移，並進入狀態 77

    $預設  使用規則 56 以縮減 (assignstmt)


狀態 110

   51 assignstmt: literal '=' expression .
   72 expression: expression . OR andexpr

    OR  偏移，並進入狀態 77

    $預設  使用規則 51 以縮減 (assignstmt)


狀態 111

   57 assignstmt: literal '[' expression . ']' '=' expression
   58           | literal '[' expression . ']' ADD_ASSIGN expression
   59           | literal '[' expression . ']' MUL_ASSIGN expression
   60           | literal '[' expression . ']' SUB_ASSIGN expression
   61           | literal '[' expression . ']' QUO_ASSIGN expression
   62           | literal '[' expression . ']' REM_ASSIGN expression
   72 expression: expression . OR andexpr

    OR   偏移，並進入狀態 77
    ']'  偏移，並進入狀態 146


狀態 112

   40 assignstmt: id ADD_ASSIGN expression .
   72 expression: expression . OR andexpr

    OR  偏移，並進入狀態 77

    $預設  使用規則 40 以縮減 (assignstmt)


狀態 113

   41 assignstmt: id SUB_ASSIGN expression .
   72 expression: expression . OR andexpr

    OR  偏移，並進入狀態 77

    $預設  使用規則 41 以縮減 (assignstmt)


狀態 114

   42 assignstmt: id MUL_ASSIGN expression .
   72 expression: expression . OR andexpr

    OR  偏移，並進入狀態 77

    $預設  使用規則 42 以縮減 (assignstmt)


狀態 115

   43 assignstmt: id QUO_ASSIGN expression .
   72 expression: expression . OR andexpr

    OR  偏移，並進入狀態 77

    $預設  使用規則 43 以縮減 (assignstmt)


狀態 116

   44 assignstmt: id REM_ASSIGN expression .
   72 expression: expression . OR andexpr

    OR  偏移，並進入狀態 77

    $預設  使用規則 44 以縮減 (assignstmt)


狀態 117

   39 assignstmt: id '=' expression .
   72 expression: expression . OR andexpr

    OR  偏移，並進入狀態 77

    $預設  使用規則 39 以縮減 (assignstmt)


狀態 118

   45 assignstmt: id '[' expression . ']' '=' expression
   46           | id '[' expression . ']' ADD_ASSIGN expression
   47           | id '[' expression . ']' MUL_ASSIGN expression
   48           | id '[' expression . ']' SUB_ASSIGN expression
   49           | id '[' expression . ']' QUO_ASSIGN expression
   50           | id '[' expression . ']' REM_ASSIGN expression
   72 expression: expression . OR andexpr
  100 arraysub: '[' expression . ']'

    OR   偏移，並進入狀態 77
    ']'  偏移，並進入狀態 147


狀態 119

   34 ifstmt: frontif ELSE ifstmt .

    $預設  使用規則 34 以縮減 (ifstmt)


狀態 120

   33 ifstmt: frontif ELSE begin_block . statementlist end_block

    INT         偏移，並進入狀態 1
    FLOAT       偏移，並進入狀態 2
    BOOL        偏移，並進入狀態 3
    STRING      偏移，並進入狀態 4
    PRINT       偏移，並進入狀態 5
    NOT         偏移，並進入狀態 6
    WHILE       偏移，並進入狀態 7
    IF          偏移，並進入狀態 8
    FOR         偏移，並進入狀態 9
    INT_LIT     偏移，並進入狀態 10
    FLOAT_LIT   偏移，並進入狀態 11
    STRING_LIT  偏移，並進入狀態 12
    IDENT       偏移，並進入狀態 13
    TRUE        偏移，並進入狀態 14
    FALSE       偏移，並進入狀態 15
    '('         偏移，並進入狀態 16
    '{'         偏移，並進入狀態 17
    '+'         偏移，並進入狀態 18
    '-'         偏移，並進入狀態 19

    statementlist    進入狀態 148
    typename         進入狀態 22
    literal          進入狀態 23
    id               進入狀態 24
    statement        進入狀態 25
    forstmt          進入狀態 26
    ifstmt           進入狀態 27
    frontif          進入狀態 28
    assignstmt       進入狀態 29
    whilestmt        進入狀態 30
    begin_block      進入狀態 31
    printstmt        進入狀態 32
    incdecstmt       進入狀態 33
    expression       進入狀態 34
    andexpr          進入狀態 35
    cmpexpr          進入狀態 36
    addexpr          進入狀態 37
    mulexpr          進入狀態 38
    unaryexpr        進入狀態 39
    declarationstmt  進入狀態 40


狀態 121

   68 end_block: '}' .

    $預設  使用規則 68 以縮減 (end_block)


狀態 122

   19 statement: begin_block statement end_block .

    $預設  使用規則 19 以縮減 (statement)


狀態 123

   72 expression: expression OR andexpr .
   74 andexpr: andexpr . AND cmpexpr

    AND  偏移，並進入狀態 78

    $預設  使用規則 72 以縮減 (expression)


狀態 124

   74 andexpr: andexpr AND cmpexpr .
   76 cmpexpr: cmpexpr . '>' addexpr
   77        | cmpexpr . '<' addexpr
   78        | cmpexpr . LEQ addexpr
   79        | cmpexpr . GEQ addexpr
   80        | cmpexpr . EQL addexpr
   81        | cmpexpr . NEQ addexpr

    LEQ  偏移，並進入狀態 79
    GEQ  偏移，並進入狀態 80
    EQL  偏移，並進入狀態 81
    NEQ  偏移，並進入狀態 82
    '>'  偏移，並進入狀態 83
    '<'  偏移，並進入狀態 84

    $預設  使用規則 74 以縮減 (andexpr)


狀態 125

   78 cmpexpr: cmpexpr LEQ addexpr .
   83 addexpr: addexpr . '+' mulexpr
   84        | addexpr . '-' mulexpr

    '+'  偏移，並進入狀態 85
    '-'  偏移，並進入狀態 86

    $預設  使用規則 78 以縮減 (cmpexpr)


狀態 126

   79 cmpexpr: cmpexpr GEQ addexpr .
   83 addexpr: addexpr . '+' mulexpr
   84        | addexpr . '-' mulexpr

    '+'  偏移，並進入狀態 85
    '-'  偏移，並進入狀態 86

    $預設  使用規則 79 以縮減 (cmpexpr)


狀態 127

   80 cmpexpr: cmpexpr EQL addexpr .
   83 addexpr: addexpr . '+' mulexpr
   84        | addexpr . '-' mulexpr

    '+'  偏移，並進入狀態 85
    '-'  偏移，並進入狀態 86

    $預設  使用規則 80 以縮減 (cmpexpr)


狀態 128

   81 cmpexpr: cmpexpr NEQ addexpr .
   83 addexpr: addexpr . '+' mulexpr
   84        | addexpr . '-' mulexpr

    '+'  偏移，並進入狀態 85
    '-'  偏移，並進入狀態 86

    $預設  使用規則 81 以縮減 (cmpexpr)


狀態 129

   76 cmpexpr: cmpexpr '>' addexpr .
   83 addexpr: addexpr . '+' mulexpr
   84        | addexpr . '-' mulexpr

    '+'  偏移，並進入狀態 85
    '-'  偏移，並進入狀態 86

    $預設  使用規則 76 以縮減 (cmpexpr)


狀態 130

   77 cmpexpr: cmpexpr '<' addexpr .
   83 addexpr: addexpr . '+' mulexpr
   84        | addexpr . '-' mulexpr

    '+'  偏移，並進入狀態 85
    '-'  偏移，並進入狀態 86

    $預設  使用規則 77 以縮減 (cmpexpr)


狀態 131

   83 addexpr: addexpr '+' mulexpr .
   86 mulexpr: mulexpr . '*' unaryexpr
   87        | mulexpr . '/' unaryexpr
   88        | mulexpr . '%' unaryexpr

    '*'  偏移，並進入狀態 87
    '/'  偏移，並進入狀態 88
    '%'  偏移，並進入狀態 89

    $預設  使用規則 83 以縮減 (addexpr)


狀態 132

   84 addexpr: addexpr '-' mulexpr .
   86 mulexpr: mulexpr . '*' unaryexpr
   87        | mulexpr . '/' unaryexpr
   88        | mulexpr . '%' unaryexpr

    '*'  偏移，並進入狀態 87
    '/'  偏移，並進入狀態 88
    '%'  偏移，並進入狀態 89

    $預設  使用規則 84 以縮減 (addexpr)


狀態 133

   86 mulexpr: mulexpr '*' unaryexpr .

    $預設  使用規則 86 以縮減 (mulexpr)


狀態 134

   87 mulexpr: mulexpr '/' unaryexpr .

    $預設  使用規則 87 以縮減 (mulexpr)


狀態 135

   88 mulexpr: mulexpr '%' unaryexpr .

    $預設  使用規則 88 以縮減 (mulexpr)


狀態 136

   69 printstmt: PRINT '(' expression ')' . SEMICOLON

    SEMICOLON  偏移，並進入狀態 149


狀態 137

   72 expression: expression . OR andexpr
  100 arraysub: '[' expression . ']'

    OR   偏移，並進入狀態 77
    ']'  偏移，並進入狀態 150


狀態 138

   65 whilestmt: WHILE '(' $@8 condition . ')' $@9 begin_block statementlist end_block

    ')'  偏移，並進入狀態 151


狀態 139

   38 frontif: IF '(' condition ')' . begin_block $@6 statementlist $@7 end_block

    '{'  偏移，並進入狀態 17

    begin_block  進入狀態 152


狀態 140

   25 forstmt: FOR '(' forclause ')' . begin_block $@1 statementlist $@2 end_block

    '{'  偏移，並進入狀態 17

    begin_block  進入狀態 153


狀態 141

   29 forclause: simpleexpr SEMICOLON . $@3 condition $@4 SEMICOLON $@5 simpleexpr

    $預設  使用規則 26 以縮減 ($@3)

    $@3  進入狀態 154


狀態 142

   99 unaryexpr: '(' typename ')' literal .

    $預設  使用規則 99 以縮減 (unaryexpr)


狀態 143

   97 unaryexpr: '(' typename ')' id . arraysub
   98          | '(' typename ')' id .

    '['  偏移，並進入狀態 92

    $預設  使用規則 98 以縮減 (unaryexpr)

    arraysub  進入狀態 155


狀態 144

   72 expression: expression . OR andexpr
  102 declarationstmt: typename IDENT '=' expression .

    OR  偏移，並進入狀態 77

    $預設  使用規則 102 以縮減 (declarationstmt)


狀態 145

   72 expression: expression . OR andexpr
  103 declarationstmt: typename IDENT '[' expression . ']'
  104                | typename IDENT '[' expression . ']' '=' expression

    OR   偏移，並進入狀態 77
    ']'  偏移，並進入狀態 156


狀態 146

   57 assignstmt: literal '[' expression ']' . '=' expression
   58           | literal '[' expression ']' . ADD_ASSIGN expression
   59           | literal '[' expression ']' . MUL_ASSIGN expression
   60           | literal '[' expression ']' . SUB_ASSIGN expression
   61           | literal '[' expression ']' . QUO_ASSIGN expression
   62           | literal '[' expression ']' . REM_ASSIGN expression

    ADD_ASSIGN  偏移，並進入狀態 157
    SUB_ASSIGN  偏移，並進入狀態 158
    MUL_ASSIGN  偏移，並進入狀態 159
    QUO_ASSIGN  偏移，並進入狀態 160
    REM_ASSIGN  偏移，並進入狀態 161
    '='         偏移，並進入狀態 162


狀態 147

   45 assignstmt: id '[' expression ']' . '=' expression
   46           | id '[' expression ']' . ADD_ASSIGN expression
   47           | id '[' expression ']' . MUL_ASSIGN expression
   48           | id '[' expression ']' . SUB_ASSIGN expression
   49           | id '[' expression ']' . QUO_ASSIGN expression
   50           | id '[' expression ']' . REM_ASSIGN expression
  100 arraysub: '[' expression ']' .

    ADD_ASSIGN  偏移，並進入狀態 163
    SUB_ASSIGN  偏移，並進入狀態 164
    MUL_ASSIGN  偏移，並進入狀態 165
    QUO_ASSIGN  偏移，並進入狀態 166
    REM_ASSIGN  偏移，並進入狀態 167
    '='         偏移，並進入狀態 168

    $預設  使用規則 100 以縮減 (arraysub)


狀態 148

    2 statementlist: statementlist . statement
   33 ifstmt: frontif ELSE begin_block statementlist . end_block

    INT         偏移，並進入狀態 1
    FLOAT       偏移，並進入狀態 2
    BOOL        偏移，並進入狀態 3
    STRING      偏移，並進入狀態 4
    PRINT       偏移，並進入狀態 5
    NOT         偏移，並進入狀態 6
    WHILE       偏移，並進入狀態 7
    IF          偏移，並進入狀態 8
    FOR         偏移，並進入狀態 9
    INT_LIT     偏移，並進入狀態 10
    FLOAT_LIT   偏移，並進入狀態 11
    STRING_LIT  偏移，並進入狀態 12
    IDENT       偏移，並進入狀態 13
    TRUE        偏移，並進入狀態 14
    FALSE       偏移，並進入狀態 15
    '('         偏移，並進入狀態 16
    '{'         偏移，並進入狀態 17
    '}'         偏移，並進入狀態 121
    '+'         偏移，並進入狀態 18
    '-'         偏移，並進入狀態 19

    typename         進入狀態 22
    literal          進入狀態 23
    id               進入狀態 24
    statement        進入狀態 53
    forstmt          進入狀態 26
    ifstmt           進入狀態 27
    frontif          進入狀態 28
    assignstmt       進入狀態 29
    whilestmt        進入狀態 30
    begin_block      進入狀態 31
    end_block        進入狀態 169
    printstmt        進入狀態 32
    incdecstmt       進入狀態 33
    expression       進入狀態 34
    andexpr          進入狀態 35
    cmpexpr          進入狀態 36
    addexpr          進入狀態 37
    mulexpr          進入狀態 38
    unaryexpr        進入狀態 39
    declarationstmt  進入狀態 40


狀態 149

   69 printstmt: PRINT '(' expression ')' SEMICOLON .

    $預設  使用規則 69 以縮減 (printstmt)


狀態 150

  100 arraysub: '[' expression ']' .

    $預設  使用規則 100 以縮減 (arraysub)


狀態 151

   65 whilestmt: WHILE '(' $@8 condition ')' . $@9 begin_block statementlist end_block

    $預設  使用規則 64 以縮減 ($@9)

    $@9  進入狀態 170


狀態 152

   38 frontif: IF '(' condition ')' begin_block . $@6 statementlist $@7 end_block

    $預設  使用規則 36 以縮減 ($@6)

    $@6  進入狀態 171


狀態 153

   25 forstmt: FOR '(' forclause ')' begin_block . $@1 statementlist $@2 end_block

    $預設  使用規則 23 以縮減 ($@1)

    $@1  進入狀態 172


狀態 154

   29 forclause: simpleexpr SEMICOLON $@3 . condition $@4 SEMICOLON $@5 simpleexpr

    NOT         偏移，並進入狀態 6
    INT_LIT     偏移，並進入狀態 10
    FLOAT_LIT   偏移，並進入狀態 11
    STRING_LIT  偏移，並進入狀態 12
    IDENT       偏移，並進入狀態 13
    TRUE        偏移，並進入狀態 14
    FALSE       偏移，並進入狀態 15
    '('         偏移，並進入狀態 16
    '+'         偏移，並進入狀態 18
    '-'         偏移，並進入狀態 19

    literal     進入狀態 42
    id          進入狀態 43
    condition   進入狀態 173
    expression  進入狀態 95
    andexpr     進入狀態 35
    cmpexpr     進入狀態 36
    addexpr     進入狀態 37
    mulexpr     進入狀態 38
    unaryexpr   進入狀態 39


狀態 155

   97 unaryexpr: '(' typename ')' id arraysub .

    $預設  使用規則 97 以縮減 (unaryexpr)


狀態 156

  103 declarationstmt: typename IDENT '[' expression ']' .
  104                | typename IDENT '[' expression ']' . '=' expression

    '='  偏移，並進入狀態 174

    $預設  使用規則 103 以縮減 (declarationstmt)


狀態 157

   58 assignstmt: literal '[' expression ']' ADD_ASSIGN . expression

    NOT         偏移，並進入狀態 6
    INT_LIT     偏移，並進入狀態 10
    FLOAT_LIT   偏移，並進入狀態 11
    STRING_LIT  偏移，並進入狀態 12
    IDENT       偏移，並進入狀態 13
    TRUE        偏移，並進入狀態 14
    FALSE       偏移，並進入狀態 15
    '('         偏移，並進入狀態 16
    '+'         偏移，並進入狀態 18
    '-'         偏移，並進入狀態 19

    literal     進入狀態 42
    id          進入狀態 43
    expression  進入狀態 175
    andexpr     進入狀態 35
    cmpexpr     進入狀態 36
    addexpr     進入狀態 37
    mulexpr     進入狀態 38
    unaryexpr   進入狀態 39


狀態 158

   60 assignstmt: literal '[' expression ']' SUB_ASSIGN . expression

    NOT         偏移，並進入狀態 6
    INT_LIT     偏移，並進入狀態 10
    FLOAT_LIT   偏移，並進入狀態 11
    STRING_LIT  偏移，並進入狀態 12
    IDENT       偏移，並進入狀態 13
    TRUE        偏移，並進入狀態 14
    FALSE       偏移，並進入狀態 15
    '('         偏移，並進入狀態 16
    '+'         偏移，並進入狀態 18
    '-'         偏移，並進入狀態 19

    literal     進入狀態 42
    id          進入狀態 43
    expression  進入狀態 176
    andexpr     進入狀態 35
    cmpexpr     進入狀態 36
    addexpr     進入狀態 37
    mulexpr     進入狀態 38
    unaryexpr   進入狀態 39


狀態 159

   59 assignstmt: literal '[' expression ']' MUL_ASSIGN . expression

    NOT         偏移，並進入狀態 6
    INT_LIT     偏移，並進入狀態 10
    FLOAT_LIT   偏移，並進入狀態 11
    STRING_LIT  偏移，並進入狀態 12
    IDENT       偏移，並進入狀態 13
    TRUE        偏移，並進入狀態 14
    FALSE       偏移，並進入狀態 15
    '('         偏移，並進入狀態 16
    '+'         偏移，並進入狀態 18
    '-'         偏移，並進入狀態 19

    literal     進入狀態 42
    id          進入狀態 43
    expression  進入狀態 177
    andexpr     進入狀態 35
    cmpexpr     進入狀態 36
    addexpr     進入狀態 37
    mulexpr     進入狀態 38
    unaryexpr   進入狀態 39


狀態 160

   61 assignstmt: literal '[' expression ']' QUO_ASSIGN . expression

    NOT         偏移，並進入狀態 6
    INT_LIT     偏移，並進入狀態 10
    FLOAT_LIT   偏移，並進入狀態 11
    STRING_LIT  偏移，並進入狀態 12
    IDENT       偏移，並進入狀態 13
    TRUE        偏移，並進入狀態 14
    FALSE       偏移，並進入狀態 15
    '('         偏移，並進入狀態 16
    '+'         偏移，並進入狀態 18
    '-'         偏移，並進入狀態 19

    literal     進入狀態 42
    id          進入狀態 43
    expression  進入狀態 178
    andexpr     進入狀態 35
    cmpexpr     進入狀態 36
    addexpr     進入狀態 37
    mulexpr     進入狀態 38
    unaryexpr   進入狀態 39


狀態 161

   62 assignstmt: literal '[' expression ']' REM_ASSIGN . expression

    NOT         偏移，並進入狀態 6
    INT_LIT     偏移，並進入狀態 10
    FLOAT_LIT   偏移，並進入狀態 11
    STRING_LIT  偏移，並進入狀態 12
    IDENT       偏移，並進入狀態 13
    TRUE        偏移，並進入狀態 14
    FALSE       偏移，並進入狀態 15
    '('         偏移，並進入狀態 16
    '+'         偏移，並進入狀態 18
    '-'         偏移，並進入狀態 19

    literal     進入狀態 42
    id          進入狀態 43
    expression  進入狀態 179
    andexpr     進入狀態 35
    cmpexpr     進入狀態 36
    addexpr     進入狀態 37
    mulexpr     進入狀態 38
    unaryexpr   進入狀態 39


狀態 162

   57 assignstmt: literal '[' expression ']' '=' . expression

    NOT         偏移，並進入狀態 6
    INT_LIT     偏移，並進入狀態 10
    FLOAT_LIT   偏移，並進入狀態 11
    STRING_LIT  偏移，並進入狀態 12
    IDENT       偏移，並進入狀態 13
    TRUE        偏移，並進入狀態 14
    FALSE       偏移，並進入狀態 15
    '('         偏移，並進入狀態 16
    '+'         偏移，並進入狀態 18
    '-'         偏移，並進入狀態 19

    literal     進入狀態 42
    id          進入狀態 43
    expression  進入狀態 180
    andexpr     進入狀態 35
    cmpexpr     進入狀態 36
    addexpr     進入狀態 37
    mulexpr     進入狀態 38
    unaryexpr   進入狀態 39


狀態 163

   46 assignstmt: id '[' expression ']' ADD_ASSIGN . expression

    NOT         偏移，並進入狀態 6
    INT_LIT     偏移，並進入狀態 10
    FLOAT_LIT   偏移，並進入狀態 11
    STRING_LIT  偏移，並進入狀態 12
    IDENT       偏移，並進入狀態 13
    TRUE        偏移，並進入狀態 14
    FALSE       偏移，並進入狀態 15
    '('         偏移，並進入狀態 16
    '+'         偏移，並進入狀態 18
    '-'         偏移，並進入狀態 19

    literal     進入狀態 42
    id          進入狀態 43
    expression  進入狀態 181
    andexpr     進入狀態 35
    cmpexpr     進入狀態 36
    addexpr     進入狀態 37
    mulexpr     進入狀態 38
    unaryexpr   進入狀態 39


狀態 164

   48 assignstmt: id '[' expression ']' SUB_ASSIGN . expression

    NOT         偏移，並進入狀態 6
    INT_LIT     偏移，並進入狀態 10
    FLOAT_LIT   偏移，並進入狀態 11
    STRING_LIT  偏移，並進入狀態 12
    IDENT       偏移，並進入狀態 13
    TRUE        偏移，並進入狀態 14
    FALSE       偏移，並進入狀態 15
    '('         偏移，並進入狀態 16
    '+'         偏移，並進入狀態 18
    '-'         偏移，並進入狀態 19

    literal     進入狀態 42
    id          進入狀態 43
    expression  進入狀態 182
    andexpr     進入狀態 35
    cmpexpr     進入狀態 36
    addexpr     進入狀態 37
    mulexpr     進入狀態 38
    unaryexpr   進入狀態 39


狀態 165

   47 assignstmt: id '[' expression ']' MUL_ASSIGN . expression

    NOT         偏移，並進入狀態 6
    INT_LIT     偏移，並進入狀態 10
    FLOAT_LIT   偏移，並進入狀態 11
    STRING_LIT  偏移，並進入狀態 12
    IDENT       偏移，並進入狀態 13
    TRUE        偏移，並進入狀態 14
    FALSE       偏移，並進入狀態 15
    '('         偏移，並進入狀態 16
    '+'         偏移，並進入狀態 18
    '-'         偏移，並進入狀態 19

    literal     進入狀態 42
    id          進入狀態 43
    expression  進入狀態 183
    andexpr     進入狀態 35
    cmpexpr     進入狀態 36
    addexpr     進入狀態 37
    mulexpr     進入狀態 38
    unaryexpr   進入狀態 39


狀態 166

   49 assignstmt: id '[' expression ']' QUO_ASSIGN . expression

    NOT         偏移，並進入狀態 6
    INT_LIT     偏移，並進入狀態 10
    FLOAT_LIT   偏移，並進入狀態 11
    STRING_LIT  偏移，並進入狀態 12
    IDENT       偏移，並進入狀態 13
    TRUE        偏移，並進入狀態 14
    FALSE       偏移，並進入狀態 15
    '('         偏移，並進入狀態 16
    '+'         偏移，並進入狀態 18
    '-'         偏移，並進入狀態 19

    literal     進入狀態 42
    id          進入狀態 43
    expression  進入狀態 184
    andexpr     進入狀態 35
    cmpexpr     進入狀態 36
    addexpr     進入狀態 37
    mulexpr     進入狀態 38
    unaryexpr   進入狀態 39


狀態 167

   50 assignstmt: id '[' expression ']' REM_ASSIGN . expression

    NOT         偏移，並進入狀態 6
    INT_LIT     偏移，並進入狀態 10
    FLOAT_LIT   偏移，並進入狀態 11
    STRING_LIT  偏移，並進入狀態 12
    IDENT       偏移，並進入狀態 13
    TRUE        偏移，並進入狀態 14
    FALSE       偏移，並進入狀態 15
    '('         偏移，並進入狀態 16
    '+'         偏移，並進入狀態 18
    '-'         偏移，並進入狀態 19

    literal     進入狀態 42
    id          進入狀態 43
    expression  進入狀態 185
    andexpr     進入狀態 35
    cmpexpr     進入狀態 36
    addexpr     進入狀態 37
    mulexpr     進入狀態 38
    unaryexpr   進入狀態 39


狀態 168

   45 assignstmt: id '[' expression ']' '=' . expression

    NOT         偏移，並進入狀態 6
    INT_LIT     偏移，並進入狀態 10
    FLOAT_LIT   偏移，並進入狀態 11
    STRING_LIT  偏移，並進入狀態 12
    IDENT       偏移，並進入狀態 13
    TRUE        偏移，並進入狀態 14
    FALSE       偏移，並進入狀態 15
    '('         偏移，並進入狀態 16
    '+'         偏移，並進入狀態 18
    '-'         偏移，並進入狀態 19

    literal     進入狀態 42
    id          進入狀態 43
    expression  進入狀態 186
    andexpr     進入狀態 35
    cmpexpr     進入狀態 36
    addexpr     進入狀態 37
    mulexpr     進入狀態 38
    unaryexpr   進入狀態 39


狀態 169

   33 ifstmt: frontif ELSE begin_block statementlist end_block .

    $預設  使用規則 33 以縮減 (ifstmt)


狀態 170

   65 whilestmt: WHILE '(' $@8 condition ')' $@9 . begin_block statementlist end_block

    '{'  偏移，並進入狀態 17

    begin_block  進入狀態 187


狀態 171

   38 frontif: IF '(' condition ')' begin_block $@6 . statementlist $@7 end_block

    INT         偏移，並進入狀態 1
    FLOAT       偏移，並進入狀態 2
    BOOL        偏移，並進入狀態 3
    STRING      偏移，並進入狀態 4
    PRINT       偏移，並進入狀態 5
    NOT         偏移，並進入狀態 6
    WHILE       偏移，並進入狀態 7
    IF          偏移，並進入狀態 8
    FOR         偏移，並進入狀態 9
    INT_LIT     偏移，並進入狀態 10
    FLOAT_LIT   偏移，並進入狀態 11
    STRING_LIT  偏移，並進入狀態 12
    IDENT       偏移，並進入狀態 13
    TRUE        偏移，並進入狀態 14
    FALSE       偏移，並進入狀態 15
    '('         偏移，並進入狀態 16
    '{'         偏移，並進入狀態 17
    '+'         偏移，並進入狀態 18
    '-'         偏移，並進入狀態 19

    statementlist    進入狀態 188
    typename         進入狀態 22
    literal          進入狀態 23
    id               進入狀態 24
    statement        進入狀態 25
    forstmt          進入狀態 26
    ifstmt           進入狀態 27
    frontif          進入狀態 28
    assignstmt       進入狀態 29
    whilestmt        進入狀態 30
    begin_block      進入狀態 31
    printstmt        進入狀態 32
    incdecstmt       進入狀態 33
    expression       進入狀態 34
    andexpr          進入狀態 35
    cmpexpr          進入狀態 36
    addexpr          進入狀態 37
    mulexpr          進入狀態 38
    unaryexpr        進入狀態 39
    declarationstmt  進入狀態 40


狀態 172

   25 forstmt: FOR '(' forclause ')' begin_block $@1 . statementlist $@2 end_block

    INT         偏移，並進入狀態 1
    FLOAT       偏移，並進入狀態 2
    BOOL        偏移，並進入狀態 3
    STRING      偏移，並進入狀態 4
    PRINT       偏移，並進入狀態 5
    NOT         偏移，並進入狀態 6
    WHILE       偏移，並進入狀態 7
    IF          偏移，並進入狀態 8
    FOR         偏移，並進入狀態 9
    INT_LIT     偏移，並進入狀態 10
    FLOAT_LIT   偏移，並進入狀態 11
    STRING_LIT  偏移，並進入狀態 12
    IDENT       偏移，並進入狀態 13
    TRUE        偏移，並進入狀態 14
    FALSE       偏移，並進入狀態 15
    '('         偏移，並進入狀態 16
    '{'         偏移，並進入狀態 17
    '+'         偏移，並進入狀態 18
    '-'         偏移，並進入狀態 19

    statementlist    進入狀態 189
    typename         進入狀態 22
    literal          進入狀態 23
    id               進入狀態 24
    statement        進入狀態 25
    forstmt          進入狀態 26
    ifstmt           進入狀態 27
    frontif          進入狀態 28
    assignstmt       進入狀態 29
    whilestmt        進入狀態 30
    begin_block      進入狀態 31
    printstmt        進入狀態 32
    incdecstmt       進入狀態 33
    expression       進入狀態 34
    andexpr          進入狀態 35
    cmpexpr          進入狀態 36
    addexpr          進入狀態 37
    mulexpr          進入狀態 38
    unaryexpr        進入狀態 39
    declarationstmt  進入狀態 40


狀態 173

   29 forclause: simpleexpr SEMICOLON $@3 condition . $@4 SEMICOLON $@5 simpleexpr

    $預設  使用規則 27 以縮減 ($@4)

    $@4  進入狀態 190


狀態 174

  104 declarationstmt: typename IDENT '[' expression ']' '=' . expression

    NOT         偏移，並進入狀態 6
    INT_LIT     偏移，並進入狀態 10
    FLOAT_LIT   偏移，並進入狀態 11
    STRING_LIT  偏移，並進入狀態 12
    IDENT       偏移，並進入狀態 13
    TRUE        偏移，並進入狀態 14
    FALSE       偏移，並進入狀態 15
    '('         偏移，並進入狀態 16
    '+'         偏移，並進入狀態 18
    '-'         偏移，並進入狀態 19

    literal     進入狀態 42
    id          進入狀態 43
    expression  進入狀態 191
    andexpr     進入狀態 35
    cmpexpr     進入狀態 36
    addexpr     進入狀態 37
    mulexpr     進入狀態 38
    unaryexpr   進入狀態 39


狀態 175

   58 assignstmt: literal '[' expression ']' ADD_ASSIGN expression .
   72 expression: expression . OR andexpr

    OR  偏移，並進入狀態 77

    $預設  使用規則 58 以縮減 (assignstmt)


狀態 176

   60 assignstmt: literal '[' expression ']' SUB_ASSIGN expression .
   72 expression: expression . OR andexpr

    OR  偏移，並進入狀態 77

    $預設  使用規則 60 以縮減 (assignstmt)


狀態 177

   59 assignstmt: literal '[' expression ']' MUL_ASSIGN expression .
   72 expression: expression . OR andexpr

    OR  偏移，並進入狀態 77

    $預設  使用規則 59 以縮減 (assignstmt)


狀態 178

   61 assignstmt: literal '[' expression ']' QUO_ASSIGN expression .
   72 expression: expression . OR andexpr

    OR  偏移，並進入狀態 77

    $預設  使用規則 61 以縮減 (assignstmt)


狀態 179

   62 assignstmt: literal '[' expression ']' REM_ASSIGN expression .
   72 expression: expression . OR andexpr

    OR  偏移，並進入狀態 77

    $預設  使用規則 62 以縮減 (assignstmt)


狀態 180

   57 assignstmt: literal '[' expression ']' '=' expression .
   72 expression: expression . OR andexpr

    OR  偏移，並進入狀態 77

    $預設  使用規則 57 以縮減 (assignstmt)


狀態 181

   46 assignstmt: id '[' expression ']' ADD_ASSIGN expression .
   72 expression: expression . OR andexpr

    OR  偏移，並進入狀態 77

    $預設  使用規則 46 以縮減 (assignstmt)


狀態 182

   48 assignstmt: id '[' expression ']' SUB_ASSIGN expression .
   72 expression: expression . OR andexpr

    OR  偏移，並進入狀態 77

    $預設  使用規則 48 以縮減 (assignstmt)


狀態 183

   47 assignstmt: id '[' expression ']' MUL_ASSIGN expression .
   72 expression: expression . OR andexpr

    OR  偏移，並進入狀態 77

    $預設  使用規則 47 以縮減 (assignstmt)


狀態 184

   49 assignstmt: id '[' expression ']' QUO_ASSIGN expression .
   72 expression: expression . OR andexpr

    OR  偏移，並進入狀態 77

    $預設  使用規則 49 以縮減 (assignstmt)


狀態 185

   50 assignstmt: id '[' expression ']' REM_ASSIGN expression .
   72 expression: expression . OR andexpr

    OR  偏移，並進入狀態 77

    $預設  使用規則 50 以縮減 (assignstmt)


狀態 186

   45 assignstmt: id '[' expression ']' '=' expression .
   72 expression: expression . OR andexpr

    OR  偏移，並進入狀態 77

    $預設  使用規則 45 以縮減 (assignstmt)


狀態 187

   65 whilestmt: WHILE '(' $@8 condition ')' $@9 begin_block . statementlist end_block

    INT         偏移，並進入狀態 1
    FLOAT       偏移，並進入狀態 2
    BOOL        偏移，並進入狀態 3
    STRING      偏移，並進入狀態 4
    PRINT       偏移，並進入狀態 5
    NOT         偏移，並進入狀態 6
    WHILE       偏移，並進入狀態 7
    IF          偏移，並進入狀態 8
    FOR         偏移，並進入狀態 9
    INT_LIT     偏移，並進入狀態 10
    FLOAT_LIT   偏移，並進入狀態 11
    STRING_LIT  偏移，並進入狀態 12
    IDENT       偏移，並進入狀態 13
    TRUE        偏移，並進入狀態 14
    FALSE       偏移，並進入狀態 15
    '('         偏移，並進入狀態 16
    '{'         偏移，並進入狀態 17
    '+'         偏移，並進入狀態 18
    '-'         偏移，並進入狀態 19

    statementlist    進入狀態 192
    typename         進入狀態 22
    literal          進入狀態 23
    id               進入狀態 24
    statement        進入狀態 25
    forstmt          進入狀態 26
    ifstmt           進入狀態 27
    frontif          進入狀態 28
    assignstmt       進入狀態 29
    whilestmt        進入狀態 30
    begin_block      進入狀態 31
    printstmt        進入狀態 32
    incdecstmt       進入狀態 33
    expression       進入狀態 34
    andexpr          進入狀態 35
    cmpexpr          進入狀態 36
    addexpr          進入狀態 37
    mulexpr          進入狀態 38
    unaryexpr        進入狀態 39
    declarationstmt  進入狀態 40


狀態 188

    2 statementlist: statementlist . statement
   38 frontif: IF '(' condition ')' begin_block $@6 statementlist . $@7 end_block

    INT         偏移，並進入狀態 1
    FLOAT       偏移，並進入狀態 2
    BOOL        偏移，並進入狀態 3
    STRING      偏移，並進入狀態 4
    PRINT       偏移，並進入狀態 5
    NOT         偏移，並進入狀態 6
    WHILE       偏移，並進入狀態 7
    IF          偏移，並進入狀態 8
    FOR         偏移，並進入狀態 9
    INT_LIT     偏移，並進入狀態 10
    FLOAT_LIT   偏移，並進入狀態 11
    STRING_LIT  偏移，並進入狀態 12
    IDENT       偏移，並進入狀態 13
    TRUE        偏移，並進入狀態 14
    FALSE       偏移，並進入狀態 15
    '('         偏移，並進入狀態 16
    '{'         偏移，並進入狀態 17
    '+'         偏移，並進入狀態 18
    '-'         偏移，並進入狀態 19

    $預設  使用規則 37 以縮減 ($@7)

    typename         進入狀態 22
    literal          進入狀態 23
    id               進入狀態 24
    statement        進入狀態 53
    forstmt          進入狀態 26
    ifstmt           進入狀態 27
    frontif          進入狀態 28
    $@7              進入狀態 193
    assignstmt       進入狀態 29
    whilestmt        進入狀態 30
    begin_block      進入狀態 31
    printstmt        進入狀態 32
    incdecstmt       進入狀態 33
    expression       進入狀態 34
    andexpr          進入狀態 35
    cmpexpr          進入狀態 36
    addexpr          進入狀態 37
    mulexpr          進入狀態 38
    unaryexpr        進入狀態 39
    declarationstmt  進入狀態 40


狀態 189

    2 statementlist: statementlist . statement
   25 forstmt: FOR '(' forclause ')' begin_block $@1 statementlist . $@2 end_block

    INT         偏移，並進入狀態 1
    FLOAT       偏移，並進入狀態 2
    BOOL        偏移，並進入狀態 3
    STRING      偏移，並進入狀態 4
    PRINT       偏移，並進入狀態 5
    NOT         偏移，並進入狀態 6
    WHILE       偏移，並進入狀態 7
    IF          偏移，並進入狀態 8
    FOR         偏移，並進入狀態 9
    INT_LIT     偏移，並進入狀態 10
    FLOAT_LIT   偏移，並進入狀態 11
    STRING_LIT  偏移，並進入狀態 12
    IDENT       偏移，並進入狀態 13
    TRUE        偏移，並進入狀態 14
    FALSE       偏移，並進入狀態 15
    '('         偏移，並進入狀態 16
    '{'         偏移，並進入狀態 17
    '+'         偏移，並進入狀態 18
    '-'         偏移，並進入狀態 19

    $預設  使用規則 24 以縮減 ($@2)

    typename         進入狀態 22
    literal          進入狀態 23
    id               進入狀態 24
    statement        進入狀態 53
    forstmt          進入狀態 26
    $@2              進入狀態 194
    ifstmt           進入狀態 27
    frontif          進入狀態 28
    assignstmt       進入狀態 29
    whilestmt        進入狀態 30
    begin_block      進入狀態 31
    printstmt        進入狀態 32
    incdecstmt       進入狀態 33
    expression       進入狀態 34
    andexpr          進入狀態 35
    cmpexpr          進入狀態 36
    addexpr          進入狀態 37
    mulexpr          進入狀態 38
    unaryexpr        進入狀態 39
    declarationstmt  進入狀態 40


狀態 190

   29 forclause: simpleexpr SEMICOLON $@3 condition $@4 . SEMICOLON $@5 simpleexpr

    SEMICOLON  偏移，並進入狀態 195


狀態 191

   72 expression: expression . OR andexpr
  104 declarationstmt: typename IDENT '[' expression ']' '=' expression .

    OR  偏移，並進入狀態 77

    $預設  使用規則 104 以縮減 (declarationstmt)


狀態 192

    2 statementlist: statementlist . statement
   65 whilestmt: WHILE '(' $@8 condition ')' $@9 begin_block statementlist . end_block

    INT         偏移，並進入狀態 1
    FLOAT       偏移，並進入狀態 2
    BOOL        偏移，並進入狀態 3
    STRING      偏移，並進入狀態 4
    PRINT       偏移，並進入狀態 5
    NOT         偏移，並進入狀態 6
    WHILE       偏移，並進入狀態 7
    IF          偏移，並進入狀態 8
    FOR         偏移，並進入狀態 9
    INT_LIT     偏移，並進入狀態 10
    FLOAT_LIT   偏移，並進入狀態 11
    STRING_LIT  偏移，並進入狀態 12
    IDENT       偏移，並進入狀態 13
    TRUE        偏移，並進入狀態 14
    FALSE       偏移，並進入狀態 15
    '('         偏移，並進入狀態 16
    '{'         偏移，並進入狀態 17
    '}'         偏移，並進入狀態 121
    '+'         偏移，並進入狀態 18
    '-'         偏移，並進入狀態 19

    typename         進入狀態 22
    literal          進入狀態 23
    id               進入狀態 24
    statement        進入狀態 53
    forstmt          進入狀態 26
    ifstmt           進入狀態 27
    frontif          進入狀態 28
    assignstmt       進入狀態 29
    whilestmt        進入狀態 30
    begin_block      進入狀態 31
    end_block        進入狀態 196
    printstmt        進入狀態 32
    incdecstmt       進入狀態 33
    expression       進入狀態 34
    andexpr          進入狀態 35
    cmpexpr          進入狀態 36
    addexpr          進入狀態 37
    mulexpr          進入狀態 38
    unaryexpr        進入狀態 39
    declarationstmt  進入狀態 40


狀態 193

   38 frontif: IF '(' condition ')' begin_block $@6 statementlist $@7 . end_block

    '}'  偏移，並進入狀態 121

    end_block  進入狀態 197


狀態 194

   25 forstmt: FOR '(' forclause ')' begin_block $@1 statementlist $@2 . end_block

    '}'  偏移，並進入狀態 121

    end_block  進入狀態 198


狀態 195

   29 forclause: simpleexpr SEMICOLON $@3 condition $@4 SEMICOLON . $@5 simpleexpr

    $預設  使用規則 28 以縮減 ($@5)

    $@5  進入狀態 199


狀態 196

   65 whilestmt: WHILE '(' $@8 condition ')' $@9 begin_block statementlist end_block .

    $預設  使用規則 65 以縮減 (whilestmt)


狀態 197

   38 frontif: IF '(' condition ')' begin_block $@6 statementlist $@7 end_block .

    $預設  使用規則 38 以縮減 (frontif)


狀態 198

   25 forstmt: FOR '(' forclause ')' begin_block $@1 statementlist $@2 end_block .

    $預設  使用規則 25 以縮減 (forstmt)


狀態 199

   29 forclause: simpleexpr SEMICOLON $@3 condition $@4 SEMICOLON $@5 . simpleexpr

    NOT         偏移，並進入狀態 6
    INT_LIT     偏移，並進入狀態 10
    FLOAT_LIT   偏移，並進入狀態 11
    STRING_LIT  偏移，並進入狀態 12
    IDENT       偏移，並進入狀態 13
    TRUE        偏移，並進入狀態 14
    FALSE       偏移，並進入狀態 15
    '('         偏移，並進入狀態 16
    '+'         偏移，並進入狀態 18
    '-'         偏移，並進入狀態 19

    literal     進入狀態 23
    id          進入狀態 24
    simpleexpr  進入狀態 200
    assignstmt  進入狀態 98
    incdecstmt  進入狀態 99
    expression  進入狀態 100
    andexpr     進入狀態 35
    cmpexpr     進入狀態 36
    addexpr     進入狀態 37
    mulexpr     進入狀態 38
    unaryexpr   進入狀態 39


狀態 200

   29 forclause: simpleexpr SEMICOLON $@3 condition $@4 SEMICOLON $@5 simpleexpr .

    $預設  使用規則 29 以縮減 (forclause)
